
================================================================
======== FXServer Starting - 7/16/2022, 1:43:37 PM              
================================================================
[    c-scripting-core] Creating script environments for _cfx_internal
[ citizen-server-impl] Scanning resources.
[ citizen-server-impl] Found 79 resources.
[          svadhesive] Authenticating server license key...
[          svadhesive] Server license key authentication succeeded. Welcome!
[    c-scripting-core] Creating script environments for sessionmanager
[ citizen-server-impl] Started resource sessionmanager
[    c-scripting-core] Creating script environments for monitor
[      script:monitor] [txAdminClient] Version 4.15.1 starting...
[ citizen-server-impl] Started resource monitor
[    c-scripting-core] Creating script environments for mapmanager
[ citizen-server-impl] Started resource mapmanager
[    c-scripting-core] Creating script environments for yarn
[ citizen-server-impl] Started resource yarn
[ citizen-server-impl] Running build tasks on resource webpack - it'll restart once completed.
[    c-resources-core] Could not start dependency webpack for resource chat.
[ citizen-server-impl] Couldn't start resource chat.
[ citizen-server-impl] Started resource spawnmanager
[    c-scripting-core] Creating script environments for hardcap
[ citizen-server-impl] Started resource hardcap
[    c-scripting-core] [0mCreating script environments for rconlog
[ citizen-server-impl] Started resource rconlog
[    c-scripting-core] Creating script environments for oxmysql
[ citizen-server-impl] Started resource oxmysql
[    c-scripting-core] Creating script environments for async
[ citizen-server-impl] Started resource async
[    c-scripting-core] Creating script environments for cron
[ citizen-server-impl] Started resource cron
[    c-scripting-core] Creating script environments for es_extended
[ citizen-server-impl] Started resource es_extended
[    c-scripting-core] Creating script environments for instance
[ citizen-server-impl] Started resource instance
[ citizen-server-impl] Started resource skinchanger
[    c-scripting-core] Creating script environments for esx_skin
[ citizen-server-impl] Started resource esx_skin
[    c-scripting-core] [0mCreating script environments for esx_datastore
[ citizen-server-impl] Started resource esx_datastore
[    c-scripting-core] Creating script environments for esx_accessories
[ citizen-server-impl] Started resource esx_accessories
[    c-scripting-core] Creating script environments for esx_addonaccount
[ citizen-server-impl] Started resource esx_addonaccount
[    c-scripting-core] Creating script environments for esx_addoninventory
[ citizen-server-impl] Started resource esx_addoninventory
[    c-scripting-core] Creating script environments for esx_society
[ citizen-server-impl] Started resource esx_society
[    c-scripting-core] Creating script environments for esx_phone
[ citizen-server-impl] Started resource esx_phone
[    c-scripting-core] Creating script environments for esx_billing
[ citizen-server-impl] Started resource esx_billing
[    c-scripting-core] Creating script environments for esx_vehicleshop
[ citizen-server-impl] Started resource esx_vehicleshop
[    c-scripting-core] Creating script environments for esx_policejob
[ citizen-server-impl] Started resource esx_policejob
[    c-scripting-core] Creating script environments for esx_ambulancejob
[ citizen-server-impl] Started resource esx_ambulancejob
[ citizen-server-impl] Started resource esx_animations
[    c-scripting-core] Creating script environments for esx_atm
[ citizen-server-impl] Started resource esx_atm
[    c-scripting-core] Creating script environments for esx_bankerjob
[ citizen-server-impl] Started resource esx_bankerjob
[    c-scripting-core] Creating script environments for esx_barbershop
[ citizen-server-impl] Started resource esx_barbershop
[    c-scripting-core] Creating script environments for esx_status
[ citizen-server-impl] Started resource esx_status
[    c-scripting-core] Creating script environments for esx_basicneeds
[ citizen-server-impl] Started resource esx_basicneeds
[    c-scripting-core] Creating script environments for esx_boat
[ citizen-server-impl] Started resource esx_boat
[    c-scripting-core] Creating script environments for esx_clotheshop
[ citizen-server-impl] Started resource esx_clotheshop
[ citizen-server-impl] Started resource esx_cruisecontrol
[    c-scripting-core] Creating script environments for esx_license
[ citizen-server-impl] Started resource esx_license
[    c-scripting-core] Creating script environments for esx_dmvschool
[ citizen-server-impl] Started resource esx_dmvschool
[    c-scripting-core] Creating script environments for esx_drugs
[ citizen-server-impl] Started resource esx_drugs
[    c-scripting-core] Creating script environments for esx_garage
[ citizen-server-impl] Started resource esx_garage
[    c-scripting-core] Creating script environments for esx_holdup
[ citizen-server-impl] Started resource esx_holdup
[    c-scripting-core] Creating script environments for esx_identity
[ citizen-server-impl] Started resource esx_identity
[    c-scripting-core] Creating script environments for esx_joblisting
[ citizen-server-impl] Started resource esx_joblisting
[    c-scripting-core] Creating script environments for esx_jobs
[38;5;73m[ citizen-server-impl] Started resource esx_jobs
[    c-scripting-core] Creating script environments for esx_lscustom
[ citizen-server-impl] Started resource esx_lscustom
[    c-scripting-core] Creating script environments for esx_mechanicjob
[ citizen-server-impl] Started resource esx_mechanicjob
[ citizen-server-impl] Started resource esx_menu_default
[ citizen-server-impl] Started resource esx_menu_dialog
[ citizen-server-impl] Started resource esx_menu_list
[    c-scripting-core] Creating script environments for esx_optionalneeds
[ citizen-server-impl] Started resource esx_optionalneeds
[    c-scripting-core] Creating script environments for esx_property
[ citizen-server-impl] Started resource esx_property
[38;5;161m[    c-scripting-core] Creating script environments for esx_realestateagentjob
[ citizen-server-impl] Started resource esx_realestateagentjob
[    c-scripting-core] Creating script environments for esx_rpchat
[ citizen-server-impl] Started resource esx_rpchat
[    c-scripting-core] Creating script environments for esx_service
[ citizen-server-impl] Started resource esx_service
[    c-scripting-core] Creating script environments for esx_shops
[ citizen-server-impl] Started resource esx_shops
[    c-scripting-core] Creating script environments for esx_sit
[ citizen-server-impl] Started resource esx_sit
[    c-scripting-core] Creating script environments for esx_taxijob
[ citizen-server-impl] Started resource esx_taxijob
[ citizen-server-impl] Started resource esx_voice
[    c-scripting-core] Creating script environments for esx_weaponshop
[ citizen-server-impl] Started resource esx_weaponshop
[ citizen-server-impl] Started resource bob74_ipl
[ citizen-server-impl] Running build tasks on resource EasyAdmin - it'll restart once completed.
[         script:yarn] yarn is currently busy: we are waiting to compile EasyAdmin
[ citizen-server-impl] Couldn't start resource EasyAdmin.
[         script:yarn] [yarn] yarn install v1.22.5
[38;5;151m[         script:yarn] [1/4] Resolving packages...
[         script:yarn] [2/4] Fetching packages...
[         script:yarn] 
[      script:oxmysql] Database server connection established!
[      script:monitor] [txAdminClient] Threads and commands set up. All Ready.
[  script:es_extended] [INFO] ESX Legacy initialized
[ citizen-server-impl]         fff                          
[ citizen-server-impl]   cccc ff   xx  xx     rr rr    eee  
[ citizen-server-impl] cc     ffff   xx       rrr  r ee   e 
[ citizen-server-impl] cc     ff     xx   ... rr     eeeee  
[ citizen-server-impl]  ccccc ff   xx  xx ... rr      eeeee 
[ citizen-server-impl]                                      
[ citizen-server-impl] Authenticated with cfx.re Nucleus: https://moo-ciaga-7xlzlb.users.cfx.re/
[         script:yarn] yarn is currently busy: we are waiting to compile EasyAdmin
[         script:yarn] [0m[yarn] info fsevents@2.3.1: The platform "win32" is incompatible with this module.
[         script:yarn] info "fsevents@2.3.1" is an optional dependency and failed compatibility check. Excluding it from installation.
[         script:yarn] 
[         script:yarn] [yarn] info fsevents@1.2.13: The platform "win32" is incompatible with this module.
[         script:yarn] info "fsevents@1.2.13" is an optional dependency and failed compatibility check. Excluding it from installation.
[         script:yarn] 
[         script:yarn] [yarn] [3/4] Linking dependencies...
[         script:yarn] 
[         script:yarn] yarn is currently busy: we are waiting to compile EasyAdmin
[         script:yarn] [yarn] [4/4] Building fresh packages...
[         script:yarn] 
[         script:yarn] Error: [yarn] warning Ignored scripts due to flag.
[         script:yarn] 
[         script:yarn] [yarn] Done in 6.96s.
[         script:yarn] 
[ citizen-server-impl] Build tasks completed - starting resource webpack.
[    c-scripting-core] Creating script environments for webpack
[ citizen-server-impl] Running build tasks on resource chat - it'll restart once completed.
[ citizen-server-impl] Started resource webpack
[         script:yarn] [yarn] yarn install v1.22.5
[         script:yarn] 
[         script:yarn] [yarn] [1/4] Resolving packages...
[         script:yarn] 
[         script:yarn] [yarn] [2/4] Fetching packages...
[         script:yarn] 
[         script:yarn] yarn is currently busy: we are waiting to compile EasyAdmin
[         script:yarn] yarn is currently busy: we are waiting to compile EasyAdmin
[         script:yarn] Error: [yarn] node:internal/process/per_thread:215
[         script:yarn]       throw errnoException(err, 'kill');
[         script:yarn]       ^
[         script:yarn] 
[         script:yarn] Error: kill ENOSYS
[         script:yarn]     at process.kill (node:internal/process/per_thread:215:13)
[         script:yarn]     at process.listener (D:\fivemproject\TestSetZero\server\resources\resources\[system]\[builders]\yarn\yarn_cli.js:86858:15)
[         script:yarn]     at process.emit (node:events:394:28) {
[         script:yarn]   errno: -4054,
[         script:yarn]   code: 'ENOSYS',
[         script:yarn]   syscall: 'kill'
[         script:yarn] }
[         script:yarn] 
[ citizen-server-main] -> Quitting: SIGHUP received
[ citizen-server-impl] Building resource chat failed.
[ citizen-server-impl] Error data: yarn failed!
